{"contracts/ApplicationAsset.sol":{"l":{"33":15,"34":15,"35":15,"36":15,"37":15,"38":15,"39":15,"43":5,"44":5,"45":5,"46":5,"50":11,"51":10,"55":7,"56":6,"60":16,"61":15},"path":"/Volumes/Dev/ico/dev/contracts/ApplicationAsset.sol","s":{"1":15,"2":15,"3":15,"4":15,"5":15,"6":15,"7":15,"8":5,"9":5,"10":5,"11":5,"12":11,"13":7,"14":16},"b":{"1":[15,0],"2":[5,0],"3":[10,1],"4":[6,1],"5":[15,1]},"f":{"1":24,"2":15,"3":5,"4":11,"5":7,"6":16},"fnMap":{"1":{"name":"ApplicationAsset","line":28,"loc":{"start":{"line":28,"column":4},"end":{"line":28,"column":36}}},"2":{"name":"setInitialOwnerAndName","line":32,"loc":{"start":{"line":32,"column":4},"end":{"line":32,"column":93}}},"3":{"name":"transferToNewOwner","line":42,"loc":{"start":{"line":42,"column":4},"end":{"line":42,"column":99}}},"4":{"name":"onlyOwner","line":49,"loc":{"start":{"line":49,"column":4},"end":{"line":49,"column":22}}},"5":{"name":"requireInitialised","line":54,"loc":{"start":{"line":54,"column":4},"end":{"line":54,"column":31}}},"6":{"name":"requireNotInitialised","line":59,"loc":{"start":{"line":59,"column":4},"end":{"line":59,"column":34}}}},"statementMap":{"1":{"start":{"line":33,"column":8},"end":{"line":33,"column":37}},"2":{"start":{"line":34,"column":8},"end":{"line":34,"column":66}},"3":{"start":{"line":35,"column":8},"end":{"line":35,"column":24}},"4":{"start":{"line":36,"column":8},"end":{"line":36,"column":24}},"5":{"start":{"line":37,"column":8},"end":{"line":37,"column":26}},"6":{"start":{"line":38,"column":8},"end":{"line":38,"column":42}},"7":{"start":{"line":39,"column":8},"end":{"line":39,"column":19}},"8":{"start":{"line":43,"column":8},"end":{"line":43,"column":66}},"9":{"start":{"line":44,"column":8},"end":{"line":44,"column":24}},"10":{"start":{"line":45,"column":8},"end":{"line":45,"column":46}},"11":{"start":{"line":46,"column":8},"end":{"line":46,"column":19}},"12":{"start":{"line":50,"column":8},"end":{"line":50,"column":35}},"13":{"start":{"line":55,"column":8},"end":{"line":55,"column":36}},"14":{"start":{"line":60,"column":8},"end":{"line":60,"column":37}}},"branchMap":{"1":{"line":34,"type":"if","locations":[{"start":{"line":34,"column":8},"end":{"line":34,"column":8}},{"start":{"line":34,"column":8},"end":{"line":34,"column":8}}]},"2":{"line":43,"type":"if","locations":[{"start":{"line":43,"column":8},"end":{"line":43,"column":8}},{"start":{"line":43,"column":8},"end":{"line":43,"column":8}}]},"3":{"line":50,"type":"if","locations":[{"start":{"line":50,"column":8},"end":{"line":50,"column":8}},{"start":{"line":50,"column":8},"end":{"line":50,"column":8}}]},"4":{"line":55,"type":"if","locations":[{"start":{"line":55,"column":8},"end":{"line":55,"column":8}},{"start":{"line":55,"column":8},"end":{"line":55,"column":8}}]},"5":{"line":60,"type":"if","locations":[{"start":{"line":60,"column":8},"end":{"line":60,"column":8}},{"start":{"line":60,"column":8},"end":{"line":60,"column":8}}]}}},"contracts/ApplicationEntity.sol":{"l":{"85":12,"86":12,"89":12,"90":12,"99":11,"100":11,"104":2,"105":2,"109":2,"110":2,"114":2,"115":2,"119":2,"120":2,"124":2,"125":2,"129":21,"131":21,"132":21,"133":21,"135":21,"140":14,"142":14,"144":14,"148":5,"161":5,"164":5,"174":3,"179":10,"180":12,"181":12,"182":12,"183":1,"186":9,"190":4,"192":4,"193":4,"194":4,"195":0,"198":4,"199":4,"208":5,"209":5,"210":5,"217":41,"218":38,"225":3,"226":3,"230":14,"231":13,"235":51,"236":48,"240":5,"241":5},"path":"/Volumes/Dev/ico/dev/contracts/ApplicationEntity.sol","s":{"1":12,"2":12,"3":12,"4":11,"5":11,"6":2,"7":2,"8":2,"9":2,"10":2,"11":2,"12":2,"13":2,"14":2,"15":2,"16":21,"17":21,"18":21,"19":21,"20":14,"21":14,"22":14,"23":5,"24":5,"25":5,"26":10,"27":12,"28":12,"29":12,"30":1,"31":9,"32":4,"33":4,"34":4,"35":4,"36":0,"37":4,"38":4,"39":5,"40":5,"41":5,"42":41,"43":3,"44":14,"45":51,"46":5},"b":{"1":[21,0],"2":[1,11],"3":[0,4],"4":[38,3],"5":[3,0],"6":[13,1],"7":[48,3],"8":[5,0]},"f":{"1":41,"2":12,"3":11,"4":2,"5":2,"6":2,"7":2,"8":2,"9":21,"10":14,"11":5,"12":5,"13":3,"14":10,"15":4,"16":5,"17":41,"18":3,"19":14,"20":51,"21":5},"fnMap":{"1":{"name":"ApplicationEntity","line":63,"loc":{"start":{"line":63,"column":4},"end":{"line":63,"column":37}}},"2":{"name":"linkToGateway","line":77,"loc":{"start":{"line":77,"column":4},"end":{"line":84,"column":5}}},"3":{"name":"addAssetProposals","line":98,"loc":{"start":{"line":98,"column":4},"end":{"line":98,"column":84}}},"4":{"name":"addAssetFunding","line":103,"loc":{"start":{"line":103,"column":4},"end":{"line":103,"column":82}}},"5":{"name":"addAssetMilestones","line":108,"loc":{"start":{"line":108,"column":4},"end":{"line":108,"column":85}}},"6":{"name":"addAssetMeetings","line":113,"loc":{"start":{"line":113,"column":4},"end":{"line":113,"column":83}}},"7":{"name":"addAssetGeneralVault","line":118,"loc":{"start":{"line":118,"column":4},"end":{"line":118,"column":87}}},"8":{"name":"addAssetListingContract","line":123,"loc":{"start":{"line":123,"column":4},"end":{"line":123,"column":90}}},"9":{"name":"assetInitialized","line":128,"loc":{"start":{"line":128,"column":4},"end":{"line":128,"column":75}}},"10":{"name":"initialize","line":138,"loc":{"start":{"line":138,"column":4},"end":{"line":138,"column":90}}},"11":{"name":"getParentAddress","line":147,"loc":{"start":{"line":147,"column":4},"end":{"line":147,"column":60}}},"12":{"name":"createCodeUpgradeProposal","line":151,"loc":{"start":{"line":151,"column":4},"end":{"line":159,"column":5}}},"13":{"name":"acceptCodeUpgradeProposal","line":173,"loc":{"start":{"line":173,"column":4},"end":{"line":173,"column":86}}},"14":{"name":"initializeAssetsToThisApplication","line":177,"loc":{"start":{"line":177,"column":4},"end":{"line":177,"column":91}}},"15":{"name":"transferAssetsToNewApplication","line":189,"loc":{"start":{"line":189,"column":4},"end":{"line":189,"column":106}}},"16":{"name":"lock","line":207,"loc":{"start":{"line":207,"column":4},"end":{"line":207,"column":62}}},"17":{"name":"onlyGatewayInterface","line":216,"loc":{"start":{"line":216,"column":4},"end":{"line":216,"column":33}}},"18":{"name":"onlyProposalsAsset","line":224,"loc":{"start":{"line":224,"column":4},"end":{"line":224,"column":31}}},"19":{"name":"requireNoParent","line":229,"loc":{"start":{"line":229,"column":4},"end":{"line":229,"column":28}}},"20":{"name":"requireNotInitialised","line":234,"loc":{"start":{"line":234,"column":4},"end":{"line":234,"column":34}}},"21":{"name":"requireInitialised","line":239,"loc":{"start":{"line":239,"column":4},"end":{"line":239,"column":31}}}},"statementMap":{"1":{"start":{"line":85,"column":8},"end":{"line":85,"column":57}},"2":{"start":{"line":86,"column":8},"end":{"line":86,"column":37}},"3":{"start":{"line":89,"column":8},"end":{"line":89,"column":73}},"4":{"start":{"line":99,"column":8},"end":{"line":99,"column":51}},"5":{"start":{"line":100,"column":8},"end":{"line":100,"column":53}},"6":{"start":{"line":104,"column":8},"end":{"line":104,"column":47}},"7":{"start":{"line":105,"column":8},"end":{"line":105,"column":51}},"8":{"start":{"line":109,"column":8},"end":{"line":109,"column":53}},"9":{"start":{"line":110,"column":8},"end":{"line":110,"column":54}},"10":{"start":{"line":114,"column":8},"end":{"line":114,"column":49}},"11":{"start":{"line":115,"column":8},"end":{"line":115,"column":52}},"12":{"start":{"line":119,"column":8},"end":{"line":119,"column":57}},"13":{"start":{"line":120,"column":8},"end":{"line":120,"column":56}},"14":{"start":{"line":124,"column":8},"end":{"line":124,"column":63}},"15":{"start":{"line":125,"column":8},"end":{"line":125,"column":59}},"16":{"start":{"line":129,"column":8},"end":{"line":129,"column":44}},"17":{"start":{"line":131,"column":8},"end":{"line":131,"column":57}},"18":{"start":{"line":132,"column":8},"end":{"line":132,"column":46}},"19":{"start":{"line":135,"column":8},"end":{"line":135,"column":53}},"20":{"start":{"line":140,"column":8},"end":{"line":140,"column":26}},"21":{"start":{"line":142,"column":8},"end":{"line":142,"column":43}},"22":{"start":{"line":144,"column":8},"end":{"line":144,"column":19}},"23":{"start":{"line":148,"column":8},"end":{"line":148,"column":38}},"24":{"start":{"line":161,"column":8},"end":{"line":161,"column":72}},"25":{"start":{"line":164,"column":8},"end":{"line":164,"column":82}},"26":{"start":{"line":179,"column":8},"end":{"line":179,"column":5592}},"27":{"start":{"line":180,"column":12},"end":{"line":180,"column":53}},"28":{"start":{"line":181,"column":12},"end":{"line":181,"column":51}},"29":{"start":{"line":182,"column":12},"end":{"line":182,"column":5767}},"30":{"start":{"line":183,"column":16},"end":{"line":183,"column":23}},"31":{"start":{"line":186,"column":8},"end":{"line":186,"column":19}},"32":{"start":{"line":190,"column":8},"end":{"line":190,"column":6042}},"33":{"start":{"line":192,"column":12},"end":{"line":192,"column":53}},"34":{"start":{"line":193,"column":12},"end":{"line":193,"column":51}},"35":{"start":{"line":194,"column":12},"end":{"line":194,"column":6230}},"36":{"start":{"line":195,"column":16},"end":{"line":195,"column":23}},"37":{"start":{"line":198,"column":8},"end":{"line":198,"column":59}},"38":{"start":{"line":199,"column":8},"end":{"line":199,"column":19}},"39":{"start":{"line":208,"column":8},"end":{"line":208,"column":21}},"40":{"start":{"line":209,"column":8},"end":{"line":209,"column":42}},"41":{"start":{"line":210,"column":8},"end":{"line":210,"column":19}},"42":{"start":{"line":217,"column":8},"end":{"line":217,"column":94}},"43":{"start":{"line":225,"column":8},"end":{"line":225,"column":54}},"44":{"start":{"line":230,"column":8},"end":{"line":230,"column":55}},"45":{"start":{"line":235,"column":8},"end":{"line":235,"column":57}},"46":{"start":{"line":240,"column":8},"end":{"line":240,"column":56}}},"branchMap":{"1":{"line":129,"type":"if","locations":[{"start":{"line":129,"column":8},"end":{"line":129,"column":8}},{"start":{"line":129,"column":8},"end":{"line":129,"column":8}}]},"2":{"line":182,"type":"if","locations":[{"start":{"line":182,"column":12},"end":{"line":182,"column":12}},{"start":{"line":182,"column":12},"end":{"line":182,"column":12}}]},"3":{"line":194,"type":"if","locations":[{"start":{"line":194,"column":12},"end":{"line":194,"column":12}},{"start":{"line":194,"column":12},"end":{"line":194,"column":12}}]},"4":{"line":217,"type":"if","locations":[{"start":{"line":217,"column":8},"end":{"line":217,"column":8}},{"start":{"line":217,"column":8},"end":{"line":217,"column":8}}]},"5":{"line":225,"type":"if","locations":[{"start":{"line":225,"column":8},"end":{"line":225,"column":8}},{"start":{"line":225,"column":8},"end":{"line":225,"column":8}}]},"6":{"line":230,"type":"if","locations":[{"start":{"line":230,"column":8},"end":{"line":230,"column":8}},{"start":{"line":230,"column":8},"end":{"line":230,"column":8}}]},"7":{"line":235,"type":"if","locations":[{"start":{"line":235,"column":8},"end":{"line":235,"column":8}},{"start":{"line":235,"column":8},"end":{"line":235,"column":8}}]},"8":{"line":240,"type":"if","locations":[{"start":{"line":240,"column":8},"end":{"line":240,"column":8}},{"start":{"line":240,"column":8},"end":{"line":240,"column":8}}]}}},"contracts/ChildApplicationEntity.sol":{"l":{},"path":"/Volumes/Dev/ico/dev/contracts/ChildApplicationEntity.sol","s":{},"b":{},"f":{},"fnMap":{},"statementMap":{},"branchMap":{}},"contracts/Empty.sol":{"l":{},"path":"/Volumes/Dev/ico/dev/contracts/Empty.sol","s":{},"b":{},"f":{},"fnMap":{},"statementMap":{},"branchMap":{}},"contracts/Entity/Funding.sol":{"l":{"89":2,"90":2,"91":2,"92":2,"93":2,"94":2,"95":2,"97":2,"98":2,"100":2,"101":2,"102":2,"103":2,"106":2,"107":2,"109":2,"110":2,"111":2,"112":2,"113":2,"114":2,"115":2,"117":2,"118":2,"120":2,"121":2,"122":2,"123":2,"128":0,"129":0,"131":0,"132":0,"133":0,"135":0,"207":0,"208":0,"209":0,"210":0,"213":0,"236":0,"237":0,"239":0,"256":0,"257":0,"273":0,"275":0,"276":0,"278":0,"279":0,"281":0,"285":0,"290":0,"295":0,"297":0,"301":0,"303":0,"322":0,"323":0,"324":0,"326":0,"332":0,"333":0,"354":0,"356":0,"360":0,"362":0,"366":0,"368":0,"369":0,"377":0,"402":0,"404":0,"405":0,"406":0,"409":0,"411":0,"440":0,"458":0},"path":"/Volumes/Dev/ico/dev/contracts/Entity/Funding.sol","s":{"1":2,"2":2,"3":2,"4":2,"5":2,"6":2,"7":2,"8":2,"9":2,"10":2,"11":2,"12":2,"13":2,"14":2,"15":2,"16":2,"17":2,"18":2,"19":2,"20":2,"21":2,"22":2,"23":2,"24":2,"25":2,"26":2,"27":2,"28":2,"29":0,"30":0,"31":0,"32":0,"33":0,"34":0,"35":0,"36":0,"37":0,"38":0,"39":0,"40":0,"41":0,"42":0,"43":0,"44":0,"45":0,"46":0,"47":0,"48":0,"49":0,"50":0,"51":0,"52":0,"53":0,"54":0,"55":0,"56":0,"57":0,"58":0,"59":0,"60":0,"61":0,"62":0,"63":0,"64":0,"65":0,"66":0,"67":0,"68":0,"69":0,"70":0,"71":0,"72":0,"73":0,"74":0,"75":0,"76":0,"77":0,"78":0,"79":0},"b":{"1":[0,0],"2":[0,0],"3":[0,0],"4":[0,0],"5":[0,0],"6":[0,0],"7":[0,0],"8":[0,0],"9":[0,0],"10":[0,0],"11":[0,0],"12":[0,0],"13":[0,0],"14":[0,0]},"f":{"1":2,"2":0,"3":0,"4":0,"5":0,"6":0,"7":0,"8":0,"9":0,"10":0,"11":0},"fnMap":{"1":{"name":"Funding","line":86,"loc":{"start":{"line":86,"column":4},"end":{"line":86,"column":44}}},"2":{"name":"saveRequiredStateChanges","line":126,"loc":{"start":{"line":126,"column":4},"end":{"line":126,"column":59}}},"3":{"name":"getFirstUsableFundingStageId","line":206,"loc":{"start":{"line":206,"column":4},"end":{"line":206,"column":91}}},"4":{"name":"updateFundingStage","line":230,"loc":{"start":{"line":230,"column":4},"end":{"line":234,"column":96}}},"5":{"name":"FundingStageUpdateAllowed","line":255,"loc":{"start":{"line":255,"column":4},"end":{"line":255,"column":77}}},"6":{"name":"isFundingStageUpdateAllowed","line":271,"loc":{"start":{"line":271,"column":4},"end":{"line":271,"column":107}}},"7":{"name":"getFundingStage","line":284,"loc":{"start":{"line":284,"column":4},"end":{"line":284,"column":86}}},"8":{"name":"canAcceptPayment","line":289,"loc":{"start":{"line":289,"column":4},"end":{"line":289,"column":73}}},"9":{"name":"getRequiredFundingStageStateChanges","line":319,"loc":{"start":{"line":319,"column":4},"end":{"line":319,"column":97}}},"10":{"name":"getRequiredStateChanges","line":399,"loc":{"start":{"line":399,"column":4},"end":{"line":399,"column":101}}},"11":{"name":"getTimestamp","line":457,"loc":{"start":{"line":457,"column":4},"end":{"line":457,"column":57}}}},"statementMap":{"1":{"start":{"line":89,"column":8},"end":{"line":89,"column":66}},"2":{"start":{"line":90,"column":8},"end":{"line":90,"column":30}},"3":{"start":{"line":91,"column":8},"end":{"line":91,"column":51}},"4":{"start":{"line":92,"column":8},"end":{"line":92,"column":51}},"5":{"start":{"line":93,"column":8},"end":{"line":93,"column":61}},"6":{"start":{"line":94,"column":8},"end":{"line":94,"column":94}},"7":{"start":{"line":95,"column":8},"end":{"line":95,"column":41}},"8":{"start":{"line":97,"column":8},"end":{"line":97,"column":68}},"9":{"start":{"line":98,"column":8},"end":{"line":98,"column":38}},"10":{"start":{"line":100,"column":8},"end":{"line":100,"column":30}},"11":{"start":{"line":101,"column":8},"end":{"line":101,"column":46}},"12":{"start":{"line":102,"column":8},"end":{"line":102,"column":41}},"13":{"start":{"line":103,"column":8},"end":{"line":103,"column":37}},"14":{"start":{"line":106,"column":8},"end":{"line":106,"column":140}},"15":{"start":{"line":107,"column":8},"end":{"line":107,"column":65}},"16":{"start":{"line":109,"column":8},"end":{"line":109,"column":45}},"17":{"start":{"line":110,"column":8},"end":{"line":110,"column":26}},"18":{"start":{"line":111,"column":8},"end":{"line":111,"column":47}},"19":{"start":{"line":112,"column":8},"end":{"line":112,"column":51}},"20":{"start":{"line":113,"column":8},"end":{"line":113,"column":36}},"21":{"start":{"line":114,"column":8},"end":{"line":114,"column":32}},"22":{"start":{"line":115,"column":8},"end":{"line":115,"column":33}},"23":{"start":{"line":117,"column":8},"end":{"line":117,"column":68}},"24":{"start":{"line":118,"column":8},"end":{"line":118,"column":37}},"25":{"start":{"line":120,"column":8},"end":{"line":120,"column":30}},"26":{"start":{"line":121,"column":8},"end":{"line":121,"column":45}},"27":{"start":{"line":122,"column":8},"end":{"line":122,"column":41}},"28":{"start":{"line":123,"column":8},"end":{"line":123,"column":37}},"29":{"start":{"line":128,"column":8},"end":{"line":128,"column":61}},"30":{"start":{"line":129,"column":8},"end":{"line":129,"column":93}},"31":{"start":{"line":131,"column":8},"end":{"line":131,"column":4096}},"32":{"start":{"line":132,"column":12},"end":{"line":132,"column":48}},"33":{"start":{"line":133,"column":12},"end":{"line":133,"column":83}},"34":{"start":{"line":135,"column":8},"end":{"line":135,"column":20}},"35":{"start":{"line":207,"column":8},"end":{"line":207,"column":6129}},"36":{"start":{"line":208,"column":12},"end":{"line":208,"column":51}},"37":{"start":{"line":209,"column":12},"end":{"line":209,"column":6245}},"38":{"start":{"line":210,"column":16},"end":{"line":210,"column":32}},"39":{"start":{"line":213,"column":8},"end":{"line":213,"column":16}},"40":{"start":{"line":236,"column":8},"end":{"line":236,"column":56}},"41":{"start":{"line":237,"column":8},"end":{"line":237,"column":62}},"42":{"start":{"line":239,"column":8},"end":{"line":239,"column":19}},"43":{"start":{"line":256,"column":8},"end":{"line":256,"column":77}},"44":{"start":{"line":273,"column":8},"end":{"line":273,"column":129}},"45":{"start":{"line":275,"column":8},"end":{"line":275,"column":35}},"46":{"start":{"line":276,"column":8},"end":{"line":276,"column":30}},"47":{"start":{"line":278,"column":8},"end":{"line":278,"column":8061}},"48":{"start":{"line":279,"column":12},"end":{"line":279,"column":23}},"49":{"start":{"line":281,"column":8},"end":{"line":281,"column":20}},"50":{"start":{"line":285,"column":8},"end":{"line":285,"column":42}},"51":{"start":{"line":290,"column":8},"end":{"line":290,"column":72}},"52":{"start":{"line":295,"column":8},"end":{"line":295,"column":55}},"53":{"start":{"line":297,"column":8},"end":{"line":297,"column":8688}},"54":{"start":{"line":301,"column":12},"end":{"line":301,"column":23}},"55":{"start":{"line":303,"column":8},"end":{"line":303,"column":20}},"56":{"start":{"line":322,"column":8},"end":{"line":322,"column":68}},"57":{"start":{"line":323,"column":8},"end":{"line":323,"column":52}},"58":{"start":{"line":324,"column":8},"end":{"line":324,"column":78}},"59":{"start":{"line":326,"column":8},"end":{"line":326,"column":9493}},"60":{"start":{"line":332,"column":12},"end":{"line":332,"column":9776}},"61":{"start":{"line":333,"column":16},"end":{"line":333,"column":60}},"62":{"start":{"line":339,"column":15},"end":{"line":339,"column":10005}},"63":{"start":{"line":354,"column":12},"end":{"line":354,"column":10550}},"64":{"start":{"line":356,"column":16},"end":{"line":356,"column":54}},"65":{"start":{"line":360,"column":12},"end":{"line":360,"column":10755}},"66":{"start":{"line":362,"column":16},"end":{"line":362,"column":54}},"67":{"start":{"line":366,"column":12},"end":{"line":366,"column":10962}},"68":{"start":{"line":368,"column":16},"end":{"line":368,"column":11073}},"69":{"start":{"line":369,"column":20},"end":{"line":369,"column":58}},"70":{"start":{"line":373,"column":15},"end":{"line":373,"column":11218}},"71":{"start":{"line":377,"column":8},"end":{"line":377,"column":40}},"72":{"start":{"line":402,"column":8},"end":{"line":402,"column":68}},"73":{"start":{"line":404,"column":8},"end":{"line":404,"column":52}},"74":{"start":{"line":405,"column":8},"end":{"line":405,"column":78}},"75":{"start":{"line":406,"column":8},"end":{"line":406,"column":73}},"76":{"start":{"line":409,"column":8},"end":{"line":409,"column":87}},"77":{"start":{"line":411,"column":8},"end":{"line":411,"column":12229}},"78":{"start":{"line":440,"column":8},"end":{"line":440,"column":89}},"79":{"start":{"line":458,"column":8},"end":{"line":458,"column":18}}},"branchMap":{"1":{"line":131,"type":"if","locations":[{"start":{"line":131,"column":8},"end":{"line":131,"column":8}},{"start":{"line":131,"column":8},"end":{"line":131,"column":8}}]},"2":{"line":209,"type":"if","locations":[{"start":{"line":209,"column":12},"end":{"line":209,"column":12}},{"start":{"line":209,"column":12},"end":{"line":209,"column":12}}]},"3":{"line":256,"type":"if","locations":[{"start":{"line":256,"column":8},"end":{"line":256,"column":8}},{"start":{"line":256,"column":8},"end":{"line":256,"column":8}}]},"4":{"line":278,"type":"if","locations":[{"start":{"line":278,"column":8},"end":{"line":278,"column":8}},{"start":{"line":278,"column":8},"end":{"line":278,"column":8}}]},"5":{"line":297,"type":"if","locations":[{"start":{"line":297,"column":8},"end":{"line":297,"column":8}},{"start":{"line":297,"column":8},"end":{"line":297,"column":8}}]},"6":{"line":326,"type":"if","locations":[{"start":{"line":326,"column":8},"end":{"line":326,"column":8}},{"start":{"line":326,"column":8},"end":{"line":326,"column":8}}]},"7":{"line":332,"type":"if","locations":[{"start":{"line":332,"column":12},"end":{"line":332,"column":12}},{"start":{"line":332,"column":12},"end":{"line":332,"column":12}}]},"8":{"line":339,"type":"if","locations":[{"start":{"line":339,"column":15},"end":{"line":339,"column":15}},{"start":{"line":339,"column":15},"end":{"line":339,"column":15}}]},"9":{"line":354,"type":"if","locations":[{"start":{"line":354,"column":12},"end":{"line":354,"column":12}},{"start":{"line":354,"column":12},"end":{"line":354,"column":12}}]},"10":{"line":360,"type":"if","locations":[{"start":{"line":360,"column":12},"end":{"line":360,"column":12}},{"start":{"line":360,"column":12},"end":{"line":360,"column":12}}]},"11":{"line":366,"type":"if","locations":[{"start":{"line":366,"column":12},"end":{"line":366,"column":12}},{"start":{"line":366,"column":12},"end":{"line":366,"column":12}}]},"12":{"line":368,"type":"if","locations":[{"start":{"line":368,"column":16},"end":{"line":368,"column":16}},{"start":{"line":368,"column":16},"end":{"line":368,"column":16}}]},"13":{"line":373,"type":"if","locations":[{"start":{"line":373,"column":15},"end":{"line":373,"column":15}},{"start":{"line":373,"column":15},"end":{"line":373,"column":15}}]},"14":{"line":411,"type":"if","locations":[{"start":{"line":411,"column":8},"end":{"line":411,"column":8}},{"start":{"line":411,"column":8},"end":{"line":411,"column":8}}]}}},"contracts/Entity/GeneralVault.sol":{"l":{},"path":"/Volumes/Dev/ico/dev/contracts/Entity/GeneralVault.sol","s":{},"b":{},"f":{"1":2},"fnMap":{"1":{"name":"GeneralVault","line":16,"loc":{"start":{"line":16,"column":4},"end":{"line":16,"column":49}}}},"statementMap":{},"branchMap":{}},"contracts/Entity/ListingContract.sol":{"l":{"43":0,"44":0,"48":0,"49":0,"50":0,"51":0,"52":0,"56":0,"57":0,"58":0},"path":"/Volumes/Dev/ico/dev/contracts/Entity/ListingContract.sol","s":{"1":0,"2":0,"3":0,"4":0,"5":0,"6":0,"7":0,"8":0,"9":0},"b":{"1":[0,0]},"f":{"1":2,"2":0,"3":0,"4":0},"fnMap":{"1":{"name":"ListingContract","line":38,"loc":{"start":{"line":38,"column":4},"end":{"line":38,"column":52}}},"2":{"name":"addNewsItem","line":42,"loc":{"start":{"line":42,"column":4},"end":{"line":42,"column":84}}},"3":{"name":"addChildItem","line":47,"loc":{"start":{"line":47,"column":4},"end":{"line":47,"column":45}}},"4":{"name":"childExists","line":55,"loc":{"start":{"line":55,"column":4},"end":{"line":55,"column":40}}}},"statementMap":{"1":{"start":{"line":43,"column":8},"end":{"line":43,"column":39}},"2":{"start":{"line":44,"column":8},"end":{"line":44,"column":50}},"3":{"start":{"line":48,"column":8},"end":{"line":48,"column":59}},"4":{"start":{"line":49,"column":8},"end":{"line":49,"column":25}},"5":{"start":{"line":50,"column":8},"end":{"line":50,"column":26}},"6":{"start":{"line":51,"column":8},"end":{"line":51,"column":33}},"7":{"start":{"line":52,"column":8},"end":{"line":52,"column":56}},"8":{"start":{"line":56,"column":8},"end":{"line":56,"column":53}},"9":{"start":{"line":57,"column":8},"end":{"line":57,"column":32}}},"branchMap":{"1":{"line":57,"type":"if","locations":[{"start":{"line":57,"column":8},"end":{"line":57,"column":8}},{"start":{"line":57,"column":8},"end":{"line":57,"column":8}}]}}},"contracts/Entity/Meetings.sol":{"l":{},"path":"/Volumes/Dev/ico/dev/contracts/Entity/Meetings.sol","s":{},"b":{},"f":{"1":0},"fnMap":{"1":{"name":"add","line":17,"loc":{"start":{"line":17,"column":4},"end":{"line":17,"column":38}}}},"statementMap":{},"branchMap":{}},"contracts/Entity/Milestones.sol":{"l":{"91":0,"92":0,"93":0,"94":0,"95":0,"96":0,"103":0,"117":0,"124":0,"131":0,"138":0,"145":0,"152":0,"153":0,"158":0,"177":0,"179":0,"180":0,"184":0,"185":0,"186":0,"187":0,"190":0,"192":0,"195":0,"201":0,"216":0,"217":0,"218":0,"219":0,"222":0,"236":0,"237":0,"239":0,"241":0,"271":0,"273":0,"275":0,"276":0,"277":0,"278":0,"279":0,"280":0,"281":0,"283":0,"307":0,"309":0,"310":0,"311":0,"312":0,"318":0,"319":0,"321":0,"362":0,"363":0,"380":0,"381":0,"386":0,"387":0,"388":0,"389":0,"391":0,"410":0,"411":0,"414":0,"418":0,"424":0,"425":0,"435":0,"437":0,"439":0,"442":0,"456":0,"457":0,"468":0,"472":0,"474":0,"479":0,"480":0,"482":0,"488":0,"490":0,"492":0,"518":0,"522":0,"523":0,"526":0,"528":0},"path":"/Volumes/Dev/ico/dev/contracts/Entity/Milestones.sol","s":{"1":0,"2":0,"3":0,"4":0,"5":0,"6":0,"7":0,"8":0,"9":0,"10":0,"11":0,"12":0,"13":0,"14":0,"15":0,"16":0,"17":0,"18":0,"19":0,"20":0,"21":0,"22":0,"23":0,"24":0,"25":0,"26":0,"27":0,"28":0,"29":0,"30":0,"31":0,"32":0,"33":0,"34":0,"35":0,"36":0,"37":0,"38":0,"39":0,"40":0,"41":0,"42":0,"43":0,"44":0,"45":0,"46":0,"47":0,"48":0,"49":0,"50":0,"51":0,"52":0,"53":0,"54":0,"55":0,"56":0,"57":0,"58":0,"59":0,"60":0,"61":0,"62":0,"63":0,"64":0,"65":0,"66":0,"67":0,"68":0,"69":0,"70":0,"71":0,"72":0,"73":0,"74":0,"75":0,"76":0,"77":0,"78":0,"79":0,"80":0,"81":0,"82":0,"83":0,"84":0,"85":0,"86":0,"87":0,"88":0,"89":0,"90":0,"91":0,"92":0,"93":0,"94":0,"95":0,"96":0},"b":{"1":[0,0],"2":[0,0],"3":[0,0],"4":[0,0],"5":[0,0],"6":[0,0],"7":[0,0],"8":[0,0],"9":[0,0],"10":[0,0],"11":[0,0],"12":[0,0],"13":[0,0],"14":[0,0],"15":[0,0],"16":[0,0],"17":[0,0],"18":[0,0],"19":[0,0],"20":[0,0],"21":[0,0]},"f":{"1":2,"2":0,"3":0,"4":0,"5":0,"6":0,"7":0,"8":0,"9":0,"10":0,"11":0,"12":0,"13":0,"14":0,"15":0,"16":0,"17":0,"18":0,"19":0,"20":0,"21":0},"fnMap":{"1":{"name":"Milestones","line":76,"loc":{"start":{"line":76,"column":4},"end":{"line":76,"column":47}}},"2":{"name":"setProjectSettings","line":83,"loc":{"start":{"line":83,"column":4},"end":{"line":90,"column":14}}},"3":{"name":"getProjectCurrentState","line":102,"loc":{"start":{"line":102,"column":4},"end":{"line":102,"column":63}}},"4":{"name":"getProjectDevelopmentState","line":109,"loc":{"start":{"line":109,"column":4},"end":{"line":109,"column":67}}},"5":{"name":"getBylawsProjectDevelopmentStart","line":116,"loc":{"start":{"line":116,"column":4},"end":{"line":116,"column":75}}},"6":{"name":"getBylawsMinTimeInTheFutureForMeetingCreation","line":123,"loc":{"start":{"line":123,"column":4},"end":{"line":123,"column":88}}},"7":{"name":"getBylawsProposalVotingDuration","line":130,"loc":{"start":{"line":130,"column":4},"end":{"line":130,"column":74}}},"8":{"name":"getBylawsCashBackOwnerMiaDuration","line":137,"loc":{"start":{"line":137,"column":4},"end":{"line":137,"column":76}}},"9":{"name":"getBylawsCashBackVoteRejectedDuration","line":144,"loc":{"start":{"line":144,"column":4},"end":{"line":144,"column":80}}},"10":{"name":"getProposalVotingResult","line":151,"loc":{"start":{"line":151,"column":4},"end":{"line":151,"column":78}}},"11":{"name":"getRequirementsKey","line":157,"loc":{"start":{"line":157,"column":4},"end":{"line":157,"column":92}}},"12":{"name":"nextStepCycle","line":174,"loc":{"start":{"line":174,"column":4},"end":{"line":174,"column":70}}},"13":{"name":"getFirstUsableRecordId","line":215,"loc":{"start":{"line":215,"column":4},"end":{"line":215,"column":85}}},"14":{"name":"getDevelopmentStartDate","line":234,"loc":{"start":{"line":234,"column":4},"end":{"line":234,"column":88}}},"15":{"name":"addTestRecord","line":260,"loc":{"start":{"line":260,"column":4},"end":{"line":269,"column":30}}},"16":{"name":"addRecord","line":299,"loc":{"start":{"line":299,"column":4},"end":{"line":305,"column":30}}},"17":{"name":"updateRecord","line":356,"loc":{"start":{"line":356,"column":4},"end":{"line":360,"column":69}}},"18":{"name":"updateAllowed","line":379,"loc":{"start":{"line":379,"column":4},"end":{"line":379,"column":59}}},"19":{"name":"isUpdateAllowed","line":385,"loc":{"start":{"line":385,"column":4},"end":{"line":385,"column":89}}},"20":{"name":"getAllowedUpdateState","line":408,"loc":{"start":{"line":408,"column":4},"end":{"line":408,"column":85}}},"21":{"name":"initializeData","line":521,"loc":{"start":{"line":521,"column":4},"end":{"line":521,"column":48}}}},"statementMap":{"1":{"start":{"line":91,"column":8},"end":{"line":91,"column":35}},"2":{"start":{"line":92,"column":8},"end":{"line":92,"column":50}},"3":{"start":{"line":93,"column":8},"end":{"line":93,"column":70}},"4":{"start":{"line":94,"column":8},"end":{"line":94,"column":59}},"5":{"start":{"line":95,"column":8},"end":{"line":95,"column":73}},"6":{"start":{"line":96,"column":8},"end":{"line":96,"column":81}},"7":{"start":{"line":103,"column":8},"end":{"line":103,"column":34}},"8":{"start":{"line":110,"column":8},"end":{"line":110,"column":16}},"9":{"start":{"line":117,"column":8},"end":{"line":117,"column":44}},"10":{"start":{"line":124,"column":8},"end":{"line":124,"column":57}},"11":{"start":{"line":131,"column":8},"end":{"line":131,"column":43}},"12":{"start":{"line":138,"column":8},"end":{"line":138,"column":45}},"13":{"start":{"line":145,"column":8},"end":{"line":145,"column":49}},"14":{"start":{"line":152,"column":8},"end":{"line":152,"column":20}},"15":{"start":{"line":153,"column":8},"end":{"line":153,"column":19}},"16":{"start":{"line":158,"column":8},"end":{"line":158,"column":49}},"17":{"start":{"line":177,"column":8},"end":{"line":177,"column":4898}},"18":{"start":{"line":179,"column":12},"end":{"line":179,"column":49}},"19":{"start":{"line":180,"column":12},"end":{"line":180,"column":5032}},"20":{"start":{"line":184,"column":16},"end":{"line":184,"column":53}},"21":{"start":{"line":185,"column":16},"end":{"line":185,"column":46}},"22":{"start":{"line":186,"column":16},"end":{"line":186,"column":57}},"23":{"start":{"line":187,"column":16},"end":{"line":187,"column":59}},"24":{"start":{"line":190,"column":16},"end":{"line":190,"column":51}},"25":{"start":{"line":192,"column":16},"end":{"line":192,"column":28}},"26":{"start":{"line":195,"column":16},"end":{"line":195,"column":24}},"27":{"start":{"line":201,"column":8},"end":{"line":201,"column":16}},"28":{"start":{"line":216,"column":8},"end":{"line":216,"column":5943}},"29":{"start":{"line":217,"column":12},"end":{"line":217,"column":45}},"30":{"start":{"line":218,"column":12},"end":{"line":218,"column":6047}},"31":{"start":{"line":219,"column":16},"end":{"line":219,"column":32}},"32":{"start":{"line":222,"column":8},"end":{"line":222,"column":16}},"33":{"start":{"line":236,"column":8},"end":{"line":236,"column":45}},"34":{"start":{"line":237,"column":8},"end":{"line":237,"column":6506}},"35":{"start":{"line":239,"column":12},"end":{"line":239,"column":47}},"36":{"start":{"line":241,"column":12},"end":{"line":241,"column":49}},"37":{"start":{"line":271,"column":8},"end":{"line":271,"column":51}},"38":{"start":{"line":273,"column":8},"end":{"line":273,"column":38}},"39":{"start":{"line":275,"column":8},"end":{"line":275,"column":42}},"40":{"start":{"line":276,"column":8},"end":{"line":276,"column":39}},"41":{"start":{"line":277,"column":8},"end":{"line":277,"column":44}},"42":{"start":{"line":278,"column":8},"end":{"line":278,"column":42}},"43":{"start":{"line":279,"column":8},"end":{"line":279,"column":44}},"44":{"start":{"line":280,"column":8},"end":{"line":280,"column":46}},"45":{"start":{"line":281,"column":8},"end":{"line":281,"column":42}},"46":{"start":{"line":283,"column":8},"end":{"line":283,"column":24}},"47":{"start":{"line":307,"column":8},"end":{"line":307,"column":51}},"48":{"start":{"line":309,"column":8},"end":{"line":309,"column":38}},"49":{"start":{"line":310,"column":8},"end":{"line":310,"column":50}},"50":{"start":{"line":311,"column":8},"end":{"line":311,"column":42}},"51":{"start":{"line":312,"column":8},"end":{"line":312,"column":50}},"52":{"start":{"line":318,"column":8},"end":{"line":318,"column":52}},"53":{"start":{"line":319,"column":8},"end":{"line":319,"column":42}},"54":{"start":{"line":321,"column":8},"end":{"line":321,"column":24}},"55":{"start":{"line":362,"column":8},"end":{"line":362,"column":50}},"56":{"start":{"line":363,"column":8},"end":{"line":363,"column":50}},"57":{"start":{"line":380,"column":8},"end":{"line":380,"column":59}},"58":{"start":{"line":386,"column":8},"end":{"line":386,"column":75}},"59":{"start":{"line":387,"column":8},"end":{"line":387,"column":23}},"60":{"start":{"line":388,"column":8},"end":{"line":388,"column":10521}},"61":{"start":{"line":389,"column":12},"end":{"line":389,"column":23}},"62":{"start":{"line":391,"column":8},"end":{"line":391,"column":20}},"63":{"start":{"line":410,"column":8},"end":{"line":410,"column":23}},"64":{"start":{"line":411,"column":8},"end":{"line":411,"column":30}},"65":{"start":{"line":414,"column":8},"end":{"line":414,"column":48}},"66":{"start":{"line":418,"column":8},"end":{"line":418,"column":11254}},"67":{"start":{"line":424,"column":12},"end":{"line":424,"column":11452}},"68":{"start":{"line":425,"column":16},"end":{"line":425,"column":51}},"69":{"start":{"line":428,"column":15},"end":{"line":428,"column":11562}},"70":{"start":{"line":435,"column":12},"end":{"line":435,"column":106}},"71":{"start":{"line":437,"column":12},"end":{"line":437,"column":11918}},"72":{"start":{"line":439,"column":16},"end":{"line":439,"column":62}},"73":{"start":{"line":442,"column":16},"end":{"line":442,"column":56}},"74":{"start":{"line":445,"column":15},"end":{"line":445,"column":12252}},"75":{"start":{"line":456,"column":12},"end":{"line":456,"column":57}},"76":{"start":{"line":457,"column":12},"end":{"line":457,"column":30}},"77":{"start":{"line":460,"column":13},"end":{"line":460,"column":12712}},"78":{"start":{"line":468,"column":12},"end":{"line":468,"column":30}},"79":{"start":{"line":470,"column":13},"end":{"line":470,"column":13062}},"80":{"start":{"line":472,"column":12},"end":{"line":472,"column":13139}},"81":{"start":{"line":474,"column":16},"end":{"line":474,"column":55}},"82":{"start":{"line":477,"column":15},"end":{"line":477,"column":13299}},"83":{"start":{"line":479,"column":12},"end":{"line":479,"column":91}},"84":{"start":{"line":480,"column":12},"end":{"line":480,"column":13463}},"85":{"start":{"line":482,"column":16},"end":{"line":482,"column":49}},"86":{"start":{"line":485,"column":15},"end":{"line":485,"column":13630}},"87":{"start":{"line":488,"column":12},"end":{"line":488,"column":13727}},"88":{"start":{"line":490,"column":16},"end":{"line":490,"column":42}},"89":{"start":{"line":492,"column":16},"end":{"line":492,"column":60}},"90":{"start":{"line":495,"column":15},"end":{"line":495,"column":13953}},"91":{"start":{"line":514,"column":15},"end":{"line":514,"column":14486}},"92":{"start":{"line":518,"column":8},"end":{"line":518,"column":37}},"93":{"start":{"line":522,"column":8},"end":{"line":522,"column":14679}},"94":{"start":{"line":523,"column":12},"end":{"line":523,"column":30}},"95":{"start":{"line":526,"column":8},"end":{"line":526,"column":68}},"96":{"start":{"line":528,"column":8},"end":{"line":528,"column":27}}},"branchMap":{"1":{"line":177,"type":"if","locations":[{"start":{"line":177,"column":8},"end":{"line":177,"column":8}},{"start":{"line":177,"column":8},"end":{"line":177,"column":8}}]},"2":{"line":180,"type":"if","locations":[{"start":{"line":180,"column":12},"end":{"line":180,"column":12}},{"start":{"line":180,"column":12},"end":{"line":180,"column":12}}]},"3":{"line":218,"type":"if","locations":[{"start":{"line":218,"column":12},"end":{"line":218,"column":12}},{"start":{"line":218,"column":12},"end":{"line":218,"column":12}}]},"4":{"line":237,"type":"if","locations":[{"start":{"line":237,"column":8},"end":{"line":237,"column":8}},{"start":{"line":237,"column":8},"end":{"line":237,"column":8}}]},"5":{"line":380,"type":"if","locations":[{"start":{"line":380,"column":8},"end":{"line":380,"column":8}},{"start":{"line":380,"column":8},"end":{"line":380,"column":8}}]},"6":{"line":388,"type":"if","locations":[{"start":{"line":388,"column":8},"end":{"line":388,"column":8}},{"start":{"line":388,"column":8},"end":{"line":388,"column":8}}]},"7":{"line":418,"type":"if","locations":[{"start":{"line":418,"column":8},"end":{"line":418,"column":8}},{"start":{"line":418,"column":8},"end":{"line":418,"column":8}}]},"8":{"line":424,"type":"if","locations":[{"start":{"line":424,"column":12},"end":{"line":424,"column":12}},{"start":{"line":424,"column":12},"end":{"line":424,"column":12}}]},"9":{"line":428,"type":"if","locations":[{"start":{"line":428,"column":15},"end":{"line":428,"column":15}},{"start":{"line":428,"column":15},"end":{"line":428,"column":15}}]},"10":{"line":437,"type":"if","locations":[{"start":{"line":437,"column":12},"end":{"line":437,"column":12}},{"start":{"line":437,"column":12},"end":{"line":437,"column":12}}]},"11":{"line":445,"type":"if","locations":[{"start":{"line":445,"column":15},"end":{"line":445,"column":15}},{"start":{"line":445,"column":15},"end":{"line":445,"column":15}}]},"12":{"line":460,"type":"if","locations":[{"start":{"line":460,"column":13},"end":{"line":460,"column":13}},{"start":{"line":460,"column":13},"end":{"line":460,"column":13}}]},"13":{"line":470,"type":"if","locations":[{"start":{"line":470,"column":13},"end":{"line":470,"column":13}},{"start":{"line":470,"column":13},"end":{"line":470,"column":13}}]},"14":{"line":472,"type":"if","locations":[{"start":{"line":472,"column":12},"end":{"line":472,"column":12}},{"start":{"line":472,"column":12},"end":{"line":472,"column":12}}]},"15":{"line":477,"type":"if","locations":[{"start":{"line":477,"column":15},"end":{"line":477,"column":15}},{"start":{"line":477,"column":15},"end":{"line":477,"column":15}}]},"16":{"line":480,"type":"if","locations":[{"start":{"line":480,"column":12},"end":{"line":480,"column":12}},{"start":{"line":480,"column":12},"end":{"line":480,"column":12}}]},"17":{"line":485,"type":"if","locations":[{"start":{"line":485,"column":15},"end":{"line":485,"column":15}},{"start":{"line":485,"column":15},"end":{"line":485,"column":15}}]},"18":{"line":488,"type":"if","locations":[{"start":{"line":488,"column":12},"end":{"line":488,"column":12}},{"start":{"line":488,"column":12},"end":{"line":488,"column":12}}]},"19":{"line":495,"type":"if","locations":[{"start":{"line":495,"column":15},"end":{"line":495,"column":15}},{"start":{"line":495,"column":15},"end":{"line":495,"column":15}}]},"20":{"line":514,"type":"if","locations":[{"start":{"line":514,"column":15},"end":{"line":514,"column":15}},{"start":{"line":514,"column":15},"end":{"line":514,"column":15}}]},"21":{"line":522,"type":"if","locations":[{"start":{"line":522,"column":8},"end":{"line":522,"column":8}},{"start":{"line":522,"column":8},"end":{"line":522,"column":8}}]}}},"contracts/Entity/Proposals.sol":{"l":{"76":5,"86":5,"88":5,"90":5,"91":5,"92":5,"93":5,"94":5,"95":5,"96":5,"97":5,"99":5,"100":5,"101":5,"105":0,"108":5,"109":5,"114":3,"116":3,"117":3},"path":"/Volumes/Dev/ico/dev/contracts/Entity/Proposals.sol","s":{"1":5,"2":5,"3":5,"4":5,"5":5,"6":5,"7":5,"8":5,"9":5,"10":5,"11":5,"12":5,"13":5,"14":5,"15":0,"16":5,"17":5,"18":3,"19":3},"b":{"1":[5,0]},"f":{"1":14,"2":5,"3":0,"4":5,"5":3},"fnMap":{"1":{"name":"Proposals","line":71,"loc":{"start":{"line":71,"column":4},"end":{"line":71,"column":29}}},"2":{"name":"getHash","line":75,"loc":{"start":{"line":75,"column":4},"end":{"line":75,"column":96}}},"3":{"name":"add","line":79,"loc":{"start":{"line":79,"column":4},"end":{"line":79,"column":40}}},"4":{"name":"addCodeUpgradeProposal","line":84,"loc":{"start":{"line":84,"column":4},"end":{"line":84,"column":109}}},"5":{"name":"acceptCodeUpgrade","line":112,"loc":{"start":{"line":112,"column":4},"end":{"line":112,"column":55}}}},"statementMap":{"1":{"start":{"line":76,"column":8},"end":{"line":76,"column":48}},"2":{"start":{"line":86,"column":8},"end":{"line":86,"column":108}},"3":{"start":{"line":88,"column":8},"end":{"line":88,"column":2273}},"4":{"start":{"line":90,"column":12},"end":{"line":90,"column":58}},"5":{"start":{"line":91,"column":16},"end":{"line":91,"column":39}},"6":{"start":{"line":92,"column":16},"end":{"line":92,"column":45}},"7":{"start":{"line":93,"column":16},"end":{"line":93,"column":52}},"8":{"start":{"line":94,"column":16},"end":{"line":94,"column":69}},"9":{"start":{"line":95,"column":16},"end":{"line":95,"column":42}},"10":{"start":{"line":96,"column":16},"end":{"line":96,"column":39}},"11":{"start":{"line":97,"column":16},"end":{"line":97,"column":41}},"12":{"start":{"line":99,"column":12},"end":{"line":99,"column":73}},"13":{"start":{"line":100,"column":16},"end":{"line":100,"column":35}},"14":{"start":{"line":101,"column":16},"end":{"line":101,"column":50}},"15":{"start":{"line":105,"column":12},"end":{"line":105,"column":19}},"16":{"start":{"line":108,"column":8},"end":{"line":108,"column":59}},"17":{"start":{"line":109,"column":8},"end":{"line":109,"column":24}},"18":{"start":{"line":114,"column":8},"end":{"line":114,"column":45}},"19":{"start":{"line":116,"column":8},"end":{"line":116,"column":68}}},"branchMap":{"1":{"line":88,"type":"if","locations":[{"start":{"line":88,"column":8},"end":{"line":88,"column":8}},{"start":{"line":88,"column":8},"end":{"line":88,"column":8}}]}}},"contracts/Entity/PurchaseVaultDirect.sol":{"l":{},"path":"/Volumes/Dev/ico/dev/contracts/Entity/PurchaseVaultDirect.sol","s":{},"b":{},"f":{},"fnMap":{},"statementMap":{},"branchMap":{}},"contracts/Entity/PurchaseVaultFactory.sol":{"l":{"40":0,"43":0,"44":0,"48":0,"49":0,"52":0,"55":0,"61":0,"64":0,"65":0,"70":0,"71":0,"74":0,"77":0,"84":0,"85":0,"86":0,"87":0,"97":0,"101":0,"105":0},"path":"/Volumes/Dev/ico/dev/contracts/Entity/PurchaseVaultFactory.sol","s":{"1":0,"2":0,"3":0,"4":0,"5":0,"6":0,"7":0,"8":0,"9":0,"10":0,"11":0,"12":0,"13":0,"14":0,"15":0,"16":0,"17":0,"18":0,"19":0,"20":0,"21":0},"b":{"1":[0,0],"2":[0,0],"3":[0,0],"4":[0,0]},"f":{"1":0,"2":0,"3":0,"4":0,"5":0},"fnMap":{"1":{"name":"CreateDirectVault","line":37,"loc":{"start":{"line":37,"column":4},"end":{"line":37,"column":69}}},"2":{"name":"CreateMilestoneVault","line":58,"loc":{"start":{"line":58,"column":4},"end":{"line":58,"column":72}}},"3":{"name":"addVault","line":82,"loc":{"start":{"line":82,"column":4},"end":{"line":82,"column":87}}},"4":{"name":"getDirectTypeId","line":100,"loc":{"start":{"line":100,"column":4},"end":{"line":100,"column":56}}},"5":{"name":"getMilestoneTypeId","line":104,"loc":{"start":{"line":104,"column":4},"end":{"line":104,"column":59}}}},"statementMap":{"1":{"start":{"line":40,"column":8},"end":{"line":40,"column":66}},"2":{"start":{"line":43,"column":8},"end":{"line":43,"column":971}},"3":{"start":{"line":44,"column":12},"end":{"line":44,"column":19}},"4":{"start":{"line":48,"column":8},"end":{"line":48,"column":1114}},"5":{"start":{"line":49,"column":12},"end":{"line":49,"column":19}},"6":{"start":{"line":52,"column":8},"end":{"line":52,"column":29}},"7":{"start":{"line":55,"column":8},"end":{"line":55,"column":26}},"8":{"start":{"line":61,"column":8},"end":{"line":61,"column":75}},"9":{"start":{"line":64,"column":8},"end":{"line":64,"column":1543}},"10":{"start":{"line":65,"column":12},"end":{"line":65,"column":19}},"11":{"start":{"line":70,"column":8},"end":{"line":70,"column":1709}},"12":{"start":{"line":71,"column":12},"end":{"line":71,"column":19}},"13":{"start":{"line":74,"column":8},"end":{"line":74,"column":29}},"14":{"start":{"line":77,"column":8},"end":{"line":77,"column":29}},"15":{"start":{"line":84,"column":8},"end":{"line":84,"column":45}},"16":{"start":{"line":85,"column":8},"end":{"line":85,"column":26}},"17":{"start":{"line":86,"column":8},"end":{"line":86,"column":27}},"18":{"start":{"line":87,"column":8},"end":{"line":87,"column":26}},"19":{"start":{"line":97,"column":8},"end":{"line":97,"column":19}},"20":{"start":{"line":101,"column":8},"end":{"line":101,"column":41}},"21":{"start":{"line":105,"column":8},"end":{"line":105,"column":44}}},"branchMap":{"1":{"line":43,"type":"if","locations":[{"start":{"line":43,"column":8},"end":{"line":43,"column":8}},{"start":{"line":43,"column":8},"end":{"line":43,"column":8}}]},"2":{"line":48,"type":"if","locations":[{"start":{"line":48,"column":8},"end":{"line":48,"column":8}},{"start":{"line":48,"column":8},"end":{"line":48,"column":8}}]},"3":{"line":64,"type":"if","locations":[{"start":{"line":64,"column":8},"end":{"line":64,"column":8}},{"start":{"line":64,"column":8},"end":{"line":64,"column":8}}]},"4":{"line":70,"type":"if","locations":[{"start":{"line":70,"column":8},"end":{"line":70,"column":8}},{"start":{"line":70,"column":8},"end":{"line":70,"column":8}}]}}},"contracts/Entity/PurchaseVaultGeneral.sol":{"l":{"40":0,"41":0,"46":0,"47":0,"49":0,"54":0,"61":0,"70":0,"71":0,"79":0,"80":0},"path":"/Volumes/Dev/ico/dev/contracts/Entity/PurchaseVaultGeneral.sol","s":{"1":0,"2":0,"3":0,"4":0,"5":0,"6":0,"7":0,"8":0,"9":0,"10":0},"b":{"1":[0,0],"2":[0,0],"3":[0,0],"4":[0,0]},"f":{"1":0,"2":0,"3":0,"4":0,"5":0,"6":0},"fnMap":{"1":{"name":"InitializeVault","line":33,"loc":{"start":{"line":33,"column":4},"end":{"line":33,"column":50}}},"2":{"name":"ReceivePayment","line":44,"loc":{"start":{"line":44,"column":4},"end":{"line":45,"column":5}}},"3":{"name":"OwnerRequestsEther","line":53,"loc":{"start":{"line":53,"column":4},"end":{"line":53,"column":53}}},"4":{"name":"ProjectRequestsEther","line":60,"loc":{"start":{"line":60,"column":4},"end":{"line":60,"column":55}}},"5":{"name":"onlyOwner","line":69,"loc":{"start":{"line":69,"column":4},"end":{"line":69,"column":22}}},"6":{"name":"transferOwnership","line":78,"loc":{"start":{"line":78,"column":4},"end":{"line":78,"column":63}}}},"statementMap":{"1":{"start":{"line":40,"column":8},"end":{"line":40,"column":31}},"2":{"start":{"line":41,"column":8},"end":{"line":41,"column":19}},"3":{"start":{"line":46,"column":8},"end":{"line":46,"column":74}},"4":{"start":{"line":47,"column":8},"end":{"line":47,"column":71}},"5":{"start":{"line":49,"column":8},"end":{"line":49,"column":19}},"6":{"start":{"line":54,"column":8},"end":{"line":54,"column":1469}},"7":{"start":{"line":61,"column":8},"end":{"line":61,"column":1697}},"8":{"start":{"line":70,"column":8},"end":{"line":70,"column":41}},"9":{"start":{"line":79,"column":8},"end":{"line":79,"column":2163}},"10":{"start":{"line":80,"column":12},"end":{"line":80,"column":33}}},"branchMap":{"1":{"line":54,"type":"if","locations":[{"start":{"line":54,"column":8},"end":{"line":54,"column":8}},{"start":{"line":54,"column":8},"end":{"line":54,"column":8}}]},"2":{"line":61,"type":"if","locations":[{"start":{"line":61,"column":8},"end":{"line":61,"column":8}},{"start":{"line":61,"column":8},"end":{"line":61,"column":8}}]},"3":{"line":70,"type":"if","locations":[{"start":{"line":70,"column":8},"end":{"line":70,"column":8}},{"start":{"line":70,"column":8},"end":{"line":70,"column":8}}]},"4":{"line":79,"type":"if","locations":[{"start":{"line":79,"column":8},"end":{"line":79,"column":8}},{"start":{"line":79,"column":8},"end":{"line":79,"column":8}}]}}},"contracts/Entity/PurchaseVaultMilestone.sol":{"l":{},"path":"/Volumes/Dev/ico/dev/contracts/Entity/PurchaseVaultMilestone.sol","s":{},"b":{},"f":{},"fnMap":{},"statementMap":{},"branchMap":{}},"contracts/GatewayInterface.sol":{"l":{"38":6,"48":16,"50":15,"57":15,"59":10,"60":0,"62":9,"63":9,"75":5,"86":5,"88":4,"89":4,"90":0,"92":4,"93":4,"101":4,"102":0,"113":13,"114":13,"115":13,"116":0,"118":13,"119":13},"path":"/Volumes/Dev/ico/dev/contracts/GatewayInterface.sol","s":{"1":6,"2":16,"3":15,"4":15,"5":10,"6":0,"7":9,"8":9,"9":5,"10":4,"11":4,"12":0,"13":4,"14":4,"15":4,"16":0,"17":13,"18":13,"19":13,"20":0,"21":13,"22":13},"b":{"1":[15,1],"2":[10,5],"3":[0,9],"4":[4,1],"5":[0,4],"6":[0,4],"7":[0,13]},"f":{"1":27,"2":6,"3":16,"4":5,"5":4,"6":13},"fnMap":{"1":{"name":"GatewayInterface","line":28,"loc":{"start":{"line":28,"column":4},"end":{"line":28,"column":36}}},"2":{"name":"getApplicationAddress","line":37,"loc":{"start":{"line":37,"column":4},"end":{"line":37,"column":66}}},"3":{"name":"requestCodeUpgrade","line":47,"loc":{"start":{"line":47,"column":4},"end":{"line":47,"column":100}}},"4":{"name":"approveCodeUpgrade","line":85,"loc":{"start":{"line":85,"column":4},"end":{"line":85,"column":76}}},"5":{"name":"lockCurrentApp","line":100,"loc":{"start":{"line":100,"column":4},"end":{"line":100,"column":36}}},"6":{"name":"link","line":111,"loc":{"start":{"line":111,"column":4},"end":{"line":111,"column":62}}}},"statementMap":{"1":{"start":{"line":38,"column":8},"end":{"line":38,"column":46}},"2":{"start":{"line":48,"column":8},"end":{"line":48,"column":41}},"3":{"start":{"line":50,"column":8},"end":{"line":50,"column":49}},"4":{"start":{"line":57,"column":8},"end":{"line":57,"column":1536}},"5":{"start":{"line":59,"column":12},"end":{"line":59,"column":1607}},"6":{"start":{"line":60,"column":16},"end":{"line":60,"column":23}},"7":{"start":{"line":62,"column":12},"end":{"line":62,"column":28}},"8":{"start":{"line":63,"column":12},"end":{"line":63,"column":23}},"9":{"start":{"line":86,"column":8},"end":{"line":86,"column":61}},"10":{"start":{"line":88,"column":8},"end":{"line":88,"column":23}},"11":{"start":{"line":89,"column":8},"end":{"line":89,"column":2542}},"12":{"start":{"line":90,"column":12},"end":{"line":90,"column":19}},"13":{"start":{"line":92,"column":8},"end":{"line":92,"column":24}},"14":{"start":{"line":93,"column":8},"end":{"line":93,"column":19}},"15":{"start":{"line":101,"column":8},"end":{"line":101,"column":2799}},"16":{"start":{"line":102,"column":12},"end":{"line":102,"column":19}},"17":{"start":{"line":113,"column":8},"end":{"line":113,"column":52}},"18":{"start":{"line":114,"column":8},"end":{"line":114,"column":70}},"19":{"start":{"line":115,"column":8},"end":{"line":115,"column":3164}},"20":{"start":{"line":116,"column":12},"end":{"line":116,"column":19}},"21":{"start":{"line":118,"column":8},"end":{"line":118,"column":62}},"22":{"start":{"line":119,"column":8},"end":{"line":119,"column":19}}},"branchMap":{"1":{"line":48,"type":"if","locations":[{"start":{"line":48,"column":8},"end":{"line":48,"column":8}},{"start":{"line":48,"column":8},"end":{"line":48,"column":8}}]},"2":{"line":57,"type":"if","locations":[{"start":{"line":57,"column":8},"end":{"line":57,"column":8}},{"start":{"line":57,"column":8},"end":{"line":57,"column":8}}]},"3":{"line":59,"type":"if","locations":[{"start":{"line":59,"column":12},"end":{"line":59,"column":12}},{"start":{"line":59,"column":12},"end":{"line":59,"column":12}}]},"4":{"line":86,"type":"if","locations":[{"start":{"line":86,"column":8},"end":{"line":86,"column":8}},{"start":{"line":86,"column":8},"end":{"line":86,"column":8}}]},"5":{"line":89,"type":"if","locations":[{"start":{"line":89,"column":8},"end":{"line":89,"column":8}},{"start":{"line":89,"column":8},"end":{"line":89,"column":8}}]},"6":{"line":101,"type":"if","locations":[{"start":{"line":101,"column":8},"end":{"line":101,"column":8}},{"start":{"line":101,"column":8},"end":{"line":101,"column":8}}]},"7":{"line":115,"type":"if","locations":[{"start":{"line":115,"column":8},"end":{"line":115,"column":8}},{"start":{"line":115,"column":8},"end":{"line":115,"column":8}}]}}},"contracts/Inputs/FundingDirect.sol":{"l":{"25":0,"26":0,"30":0,"44":0,"46":0,"47":0,"49":0,"50":0,"53":0},"path":"/Volumes/Dev/ico/dev/contracts/Inputs/FundingDirect.sol","s":{"1":0,"2":0,"3":0,"4":0,"5":0,"6":0,"7":0,"8":0,"9":0},"b":{"1":[0,0],"2":[0,0]},"f":{"1":0,"2":0,"3":0},"fnMap":{"1":{"name":"FundingDirect","line":24,"loc":{"start":{"line":24,"column":4},"end":{"line":24,"column":61}}},"2":{"name":null,"line":29,"loc":{"start":{"line":29,"column":4},"end":{"line":29,"column":28}}},"3":{"name":"buy","line":41,"loc":{"start":{"line":41,"column":4},"end":{"line":41,"column":31}}}},"statementMap":{"1":{"start":{"line":25,"column":8},"end":{"line":25,"column":17}},"2":{"start":{"line":26,"column":8},"end":{"line":26,"column":64}},"3":{"start":{"line":30,"column":8},"end":{"line":30,"column":12}},"4":{"start":{"line":44,"column":8},"end":{"line":44,"column":29}},"5":{"start":{"line":46,"column":8},"end":{"line":46,"column":75}},"6":{"start":{"line":47,"column":8},"end":{"line":47,"column":73}},"7":{"start":{"line":49,"column":8},"end":{"line":49,"column":1242}},"8":{"start":{"line":50,"column":12},"end":{"line":50,"column":19}},"9":{"start":{"line":53,"column":8},"end":{"line":53,"column":56}}},"branchMap":{"1":{"line":44,"type":"if","locations":[{"start":{"line":44,"column":8},"end":{"line":44,"column":8}},{"start":{"line":44,"column":8},"end":{"line":44,"column":8}}]},"2":{"line":49,"type":"if","locations":[{"start":{"line":49,"column":8},"end":{"line":49,"column":8}},{"start":{"line":49,"column":8},"end":{"line":49,"column":8}}]}}},"contracts/Inputs/FundingMilestone.sol":{"l":{"25":0,"26":0,"30":0,"44":0,"46":0,"47":0,"49":0,"50":0,"53":0},"path":"/Volumes/Dev/ico/dev/contracts/Inputs/FundingMilestone.sol","s":{"1":0,"2":0,"3":0,"4":0,"5":0,"6":0,"7":0,"8":0,"9":0},"b":{"1":[0,0],"2":[0,0]},"f":{"1":0,"2":0,"3":0},"fnMap":{"1":{"name":"FundingMilestone","line":24,"loc":{"start":{"line":24,"column":4},"end":{"line":24,"column":64}}},"2":{"name":null,"line":29,"loc":{"start":{"line":29,"column":4},"end":{"line":29,"column":28}}},"3":{"name":"buy","line":41,"loc":{"start":{"line":41,"column":4},"end":{"line":41,"column":31}}}},"statementMap":{"1":{"start":{"line":25,"column":8},"end":{"line":25,"column":17}},"2":{"start":{"line":26,"column":8},"end":{"line":26,"column":64}},"3":{"start":{"line":30,"column":8},"end":{"line":30,"column":12}},"4":{"start":{"line":44,"column":8},"end":{"line":44,"column":29}},"5":{"start":{"line":46,"column":8},"end":{"line":46,"column":78}},"6":{"start":{"line":47,"column":8},"end":{"line":47,"column":79}},"7":{"start":{"line":49,"column":8},"end":{"line":49,"column":1256}},"8":{"start":{"line":50,"column":12},"end":{"line":50,"column":19}},"9":{"start":{"line":53,"column":8},"end":{"line":53,"column":56}}},"branchMap":{"1":{"line":44,"type":"if","locations":[{"start":{"line":44,"column":8},"end":{"line":44,"column":8}},{"start":{"line":44,"column":8},"end":{"line":44,"column":8}}]},"2":{"line":49,"type":"if","locations":[{"start":{"line":49,"column":8},"end":{"line":49,"column":8}},{"start":{"line":49,"column":8},"end":{"line":49,"column":8}}]}}}}