TN:
SF:/Volumes/Dev/ico/dev/contracts/ApplicationAsset.sol
FN:28,ApplicationAsset
FN:32,setInitialOwnerAndName
FN:42,transferToNewOwner
FN:49,onlyOwner
FN:54,requireInitialised
FN:59,requireNotInitialised
FNF:6
FNH:3
FNDA:8,ApplicationAsset
FNDA:8,setInitialOwnerAndName
FNDA:0,transferToNewOwner
FNDA:0,onlyOwner
FNDA:0,requireInitialised
FNDA:9,requireNotInitialised
DA:33,8
DA:34,8
DA:35,8
DA:36,8
DA:37,8
DA:38,8
DA:39,8
DA:43,0
DA:44,0
DA:45,0
DA:46,0
DA:50,0
DA:51,0
DA:55,0
DA:56,0
DA:60,9
DA:61,8
LF:17
LH:9
BRDA:34,1,0,8
BRDA:34,1,1,0
BRDA:43,2,0,0
BRDA:43,2,1,0
BRDA:50,3,0,0
BRDA:50,3,1,0
BRDA:55,4,0,0
BRDA:55,4,1,0
BRDA:60,5,0,8
BRDA:60,5,1,1
BRF:10
BRH:3
end_of_record
TN:
SF:/Volumes/Dev/ico/dev/contracts/ApplicationEntity.sol
FN:63,ApplicationEntity
FN:77,linkToGateway
FN:98,addAssetProposals
FN:103,addAssetFunding
FN:108,addAssetMilestones
FN:113,addAssetMeetings
FN:118,addAssetGeneralVault
FN:123,addAssetListingContract
FN:128,assetInitialized
FN:138,initialize
FN:147,getParentAddress
FN:151,createCodeUpgradeProposal
FN:173,acceptCodeUpgradeProposal
FN:177,initializeAssetsToThisApplication
FN:189,transferAssetsToNewApplication
FN:207,lock
FN:216,onlyGatewayInterface
FN:224,onlyProposalsAsset
FN:229,requireNoParent
FN:234,requireNotInitialised
FN:239,requireInitialised
FNF:21
FNH:14
FNDA:3,ApplicationEntity
FNDA:1,linkToGateway
FNDA:1,addAssetProposals
FNDA:1,addAssetFunding
FNDA:1,addAssetMilestones
FNDA:1,addAssetMeetings
FNDA:1,addAssetGeneralVault
FNDA:1,addAssetListingContract
FNDA:6,assetInitialized
FNDA:1,initialize
FNDA:0,getParentAddress
FNDA:0,createCodeUpgradeProposal
FNDA:0,acceptCodeUpgradeProposal
FNDA:1,initializeAssetsToThisApplication
FNDA:0,transferAssetsToNewApplication
FNDA:0,lock
FNDA:2,onlyGatewayInterface
FNDA:0,onlyProposalsAsset
FNDA:1,requireNoParent
FNDA:8,requireNotInitialised
FNDA:0,requireInitialised
DA:85,1
DA:86,1
DA:89,1
DA:90,1
DA:99,1
DA:100,1
DA:104,1
DA:105,1
DA:109,1
DA:110,1
DA:114,1
DA:115,1
DA:119,1
DA:120,1
DA:124,1
DA:125,1
DA:129,6
DA:131,6
DA:132,6
DA:133,6
DA:135,6
DA:140,1
DA:142,1
DA:144,1
DA:148,0
DA:161,0
DA:164,0
DA:174,0
DA:179,1
DA:180,6
DA:181,6
DA:182,6
DA:183,0
DA:186,1
DA:190,0
DA:192,0
DA:193,0
DA:194,0
DA:195,0
DA:198,0
DA:199,0
DA:208,0
DA:209,0
DA:210,0
DA:217,2
DA:218,2
DA:225,0
DA:226,0
DA:230,1
DA:231,1
DA:235,8
DA:236,8
DA:240,0
DA:241,0
LF:54
LH:35
BRDA:129,1,0,6
BRDA:129,1,1,0
BRDA:182,2,0,0
BRDA:182,2,1,6
BRDA:194,3,0,0
BRDA:194,3,1,0
BRDA:217,4,0,2
BRDA:217,4,1,0
BRDA:225,5,0,0
BRDA:225,5,1,0
BRDA:230,6,0,1
BRDA:230,6,1,0
BRDA:235,7,0,8
BRDA:235,7,1,0
BRDA:240,8,0,0
BRDA:240,8,1,0
BRF:16
BRH:5
end_of_record
TN:
SF:/Volumes/Dev/ico/dev/contracts/ChildApplicationEntity.sol
FNF:0
FNH:0
LF:0
LH:0
BRF:0
BRH:0
end_of_record
TN:
SF:/Volumes/Dev/ico/dev/contracts/Empty.sol
FNF:0
FNH:0
LF:0
LH:0
BRF:0
BRH:0
end_of_record
TN:
SF:/Volumes/Dev/ico/dev/contracts/Entity/Funding.sol
FN:86,Funding
FN:126,saveRequiredStateChanges
FN:206,getFirstUsableFundingStageId
FN:230,updateFundingStage
FN:255,FundingStageUpdateAllowed
FN:271,isFundingStageUpdateAllowed
FN:284,getFundingStage
FN:289,canAcceptPayment
FN:319,getRequiredFundingStageStateChanges
FN:399,getRequiredStateChanges
FN:457,getTimestamp
FNF:11
FNH:1
FNDA:1,Funding
FNDA:0,saveRequiredStateChanges
FNDA:0,getFirstUsableFundingStageId
FNDA:0,updateFundingStage
FNDA:0,FundingStageUpdateAllowed
FNDA:0,isFundingStageUpdateAllowed
FNDA:0,getFundingStage
FNDA:0,canAcceptPayment
FNDA:0,getRequiredFundingStageStateChanges
FNDA:0,getRequiredStateChanges
FNDA:0,getTimestamp
DA:89,1
DA:90,1
DA:91,1
DA:92,1
DA:93,1
DA:94,1
DA:95,1
DA:97,1
DA:98,1
DA:100,1
DA:101,1
DA:102,1
DA:103,1
DA:106,1
DA:107,1
DA:109,1
DA:110,1
DA:111,1
DA:112,1
DA:113,1
DA:114,1
DA:115,1
DA:117,1
DA:118,1
DA:120,1
DA:121,1
DA:122,1
DA:123,1
DA:128,0
DA:129,0
DA:131,0
DA:132,0
DA:133,0
DA:135,0
DA:207,0
DA:208,0
DA:209,0
DA:210,0
DA:213,0
DA:236,0
DA:237,0
DA:239,0
DA:256,0
DA:257,0
DA:273,0
DA:275,0
DA:276,0
DA:278,0
DA:279,0
DA:281,0
DA:285,0
DA:290,0
DA:295,0
DA:297,0
DA:301,0
DA:303,0
DA:322,0
DA:323,0
DA:324,0
DA:326,0
DA:332,0
DA:333,0
DA:354,0
DA:356,0
DA:360,0
DA:362,0
DA:366,0
DA:368,0
DA:369,0
DA:377,0
DA:402,0
DA:404,0
DA:405,0
DA:406,0
DA:409,0
DA:411,0
DA:440,0
DA:458,0
LF:78
LH:28
BRDA:131,1,0,0
BRDA:131,1,1,0
BRDA:209,2,0,0
BRDA:209,2,1,0
BRDA:256,3,0,0
BRDA:256,3,1,0
BRDA:278,4,0,0
BRDA:278,4,1,0
BRDA:297,5,0,0
BRDA:297,5,1,0
BRDA:326,6,0,0
BRDA:326,6,1,0
BRDA:332,7,0,0
BRDA:332,7,1,0
BRDA:339,8,0,0
BRDA:339,8,1,0
BRDA:354,9,0,0
BRDA:354,9,1,0
BRDA:360,10,0,0
BRDA:360,10,1,0
BRDA:366,11,0,0
BRDA:366,11,1,0
BRDA:368,12,0,0
BRDA:368,12,1,0
BRDA:373,13,0,0
BRDA:373,13,1,0
BRDA:411,14,0,0
BRDA:411,14,1,0
BRF:28
BRH:0
end_of_record
TN:
SF:/Volumes/Dev/ico/dev/contracts/Entity/GeneralVault.sol
FN:16,GeneralVault
FNF:1
FNH:1
FNDA:1,GeneralVault
LF:0
LH:0
BRF:0
BRH:0
end_of_record
TN:
SF:/Volumes/Dev/ico/dev/contracts/Entity/ListingContract.sol
FN:38,ListingContract
FN:42,addNewsItem
FN:47,addChildItem
FN:55,childExists
FNF:4
FNH:1
FNDA:1,ListingContract
FNDA:0,addNewsItem
FNDA:0,addChildItem
FNDA:0,childExists
DA:43,0
DA:44,0
DA:48,0
DA:49,0
DA:50,0
DA:51,0
DA:52,0
DA:56,0
DA:57,0
DA:58,0
LF:10
LH:0
BRDA:57,1,0,0
BRDA:57,1,1,0
BRF:2
BRH:0
end_of_record
TN:
SF:/Volumes/Dev/ico/dev/contracts/Entity/Meetings.sol
FN:17,add
FNF:1
FNH:0
FNDA:0,add
LF:0
LH:0
BRF:0
BRH:0
end_of_record
TN:
SF:/Volumes/Dev/ico/dev/contracts/Entity/Milestones.sol
FN:76,Milestones
FN:83,setProjectSettings
FN:102,getProjectCurrentState
FN:109,getProjectDevelopmentState
FN:116,getBylawsProjectDevelopmentStart
FN:123,getBylawsMinTimeInTheFutureForMeetingCreation
FN:130,getBylawsProposalVotingDuration
FN:137,getBylawsCashBackOwnerMiaDuration
FN:144,getBylawsCashBackVoteRejectedDuration
FN:151,getProposalVotingResult
FN:157,getRequirementsKey
FN:174,nextStepCycle
FN:215,getFirstUsableRecordId
FN:234,getDevelopmentStartDate
FN:260,addTestRecord
FN:299,addRecord
FN:356,updateRecord
FN:379,updateAllowed
FN:385,isUpdateAllowed
FN:408,getAllowedUpdateState
FN:521,initializeData
FNF:21
FNH:1
FNDA:1,Milestones
FNDA:0,setProjectSettings
FNDA:0,getProjectCurrentState
FNDA:0,getProjectDevelopmentState
FNDA:0,getBylawsProjectDevelopmentStart
FNDA:0,getBylawsMinTimeInTheFutureForMeetingCreation
FNDA:0,getBylawsProposalVotingDuration
FNDA:0,getBylawsCashBackOwnerMiaDuration
FNDA:0,getBylawsCashBackVoteRejectedDuration
FNDA:0,getProposalVotingResult
FNDA:0,getRequirementsKey
FNDA:0,nextStepCycle
FNDA:0,getFirstUsableRecordId
FNDA:0,getDevelopmentStartDate
FNDA:0,addTestRecord
FNDA:0,addRecord
FNDA:0,updateRecord
FNDA:0,updateAllowed
FNDA:0,isUpdateAllowed
FNDA:0,getAllowedUpdateState
FNDA:0,initializeData
DA:91,0
DA:92,0
DA:93,0
DA:94,0
DA:95,0
DA:96,0
DA:103,0
DA:117,0
DA:124,0
DA:131,0
DA:138,0
DA:145,0
DA:152,0
DA:153,0
DA:158,0
DA:177,0
DA:179,0
DA:180,0
DA:184,0
DA:185,0
DA:186,0
DA:187,0
DA:190,0
DA:192,0
DA:195,0
DA:201,0
DA:216,0
DA:217,0
DA:218,0
DA:219,0
DA:222,0
DA:236,0
DA:237,0
DA:239,0
DA:241,0
DA:271,0
DA:273,0
DA:275,0
DA:276,0
DA:277,0
DA:278,0
DA:279,0
DA:280,0
DA:281,0
DA:283,0
DA:307,0
DA:309,0
DA:310,0
DA:311,0
DA:312,0
DA:318,0
DA:319,0
DA:321,0
DA:362,0
DA:363,0
DA:380,0
DA:381,0
DA:386,0
DA:387,0
DA:388,0
DA:389,0
DA:391,0
DA:410,0
DA:411,0
DA:414,0
DA:418,0
DA:424,0
DA:425,0
DA:435,0
DA:437,0
DA:439,0
DA:442,0
DA:456,0
DA:457,0
DA:468,0
DA:472,0
DA:474,0
DA:479,0
DA:480,0
DA:482,0
DA:488,0
DA:490,0
DA:492,0
DA:518,0
DA:522,0
DA:523,0
DA:526,0
DA:528,0
LF:88
LH:0
BRDA:177,1,0,0
BRDA:177,1,1,0
BRDA:180,2,0,0
BRDA:180,2,1,0
BRDA:218,3,0,0
BRDA:218,3,1,0
BRDA:237,4,0,0
BRDA:237,4,1,0
BRDA:380,5,0,0
BRDA:380,5,1,0
BRDA:388,6,0,0
BRDA:388,6,1,0
BRDA:418,7,0,0
BRDA:418,7,1,0
BRDA:424,8,0,0
BRDA:424,8,1,0
BRDA:428,9,0,0
BRDA:428,9,1,0
BRDA:437,10,0,0
BRDA:437,10,1,0
BRDA:445,11,0,0
BRDA:445,11,1,0
BRDA:460,12,0,0
BRDA:460,12,1,0
BRDA:470,13,0,0
BRDA:470,13,1,0
BRDA:472,14,0,0
BRDA:472,14,1,0
BRDA:477,15,0,0
BRDA:477,15,1,0
BRDA:480,16,0,0
BRDA:480,16,1,0
BRDA:485,17,0,0
BRDA:485,17,1,0
BRDA:488,18,0,0
BRDA:488,18,1,0
BRDA:495,19,0,0
BRDA:495,19,1,0
BRDA:514,20,0,0
BRDA:514,20,1,0
BRDA:522,21,0,0
BRDA:522,21,1,0
BRF:42
BRH:0
end_of_record
TN:
SF:/Volumes/Dev/ico/dev/contracts/Entity/Proposals.sol
FN:71,Proposals
FN:75,getHash
FN:79,add
FN:84,addCodeUpgradeProposal
FN:112,acceptCodeUpgrade
FNF:5
FNH:1
FNDA:3,Proposals
FNDA:0,getHash
FNDA:0,add
FNDA:0,addCodeUpgradeProposal
FNDA:0,acceptCodeUpgrade
DA:76,0
DA:86,0
DA:88,0
DA:90,0
DA:91,0
DA:92,0
DA:93,0
DA:94,0
DA:95,0
DA:96,0
DA:97,0
DA:99,0
DA:100,0
DA:101,0
DA:105,0
DA:108,0
DA:109,0
DA:114,0
DA:116,0
DA:117,0
LF:20
LH:0
BRDA:88,1,0,0
BRDA:88,1,1,0
BRF:2
BRH:0
end_of_record
TN:
SF:/Volumes/Dev/ico/dev/contracts/Entity/PurchaseVaultDirect.sol
FNF:0
FNH:0
LF:0
LH:0
BRF:0
BRH:0
end_of_record
TN:
SF:/Volumes/Dev/ico/dev/contracts/Entity/PurchaseVaultFactory.sol
FN:37,CreateDirectVault
FN:58,CreateMilestoneVault
FN:82,addVault
FN:100,getDirectTypeId
FN:104,getMilestoneTypeId
FNF:5
FNH:0
FNDA:0,CreateDirectVault
FNDA:0,CreateMilestoneVault
FNDA:0,addVault
FNDA:0,getDirectTypeId
FNDA:0,getMilestoneTypeId
DA:40,0
DA:43,0
DA:44,0
DA:48,0
DA:49,0
DA:52,0
DA:55,0
DA:61,0
DA:64,0
DA:65,0
DA:70,0
DA:71,0
DA:74,0
DA:77,0
DA:84,0
DA:85,0
DA:86,0
DA:87,0
DA:97,0
DA:101,0
DA:105,0
LF:21
LH:0
BRDA:43,1,0,0
BRDA:43,1,1,0
BRDA:48,2,0,0
BRDA:48,2,1,0
BRDA:64,3,0,0
BRDA:64,3,1,0
BRDA:70,4,0,0
BRDA:70,4,1,0
BRF:8
BRH:0
end_of_record
TN:
SF:/Volumes/Dev/ico/dev/contracts/Entity/PurchaseVaultGeneral.sol
FN:33,InitializeVault
FN:44,ReceivePayment
FN:53,OwnerRequestsEther
FN:60,ProjectRequestsEther
FN:69,onlyOwner
FN:78,transferOwnership
FNF:6
FNH:0
FNDA:0,InitializeVault
FNDA:0,ReceivePayment
FNDA:0,OwnerRequestsEther
FNDA:0,ProjectRequestsEther
FNDA:0,onlyOwner
FNDA:0,transferOwnership
DA:40,0
DA:41,0
DA:46,0
DA:47,0
DA:49,0
DA:54,0
DA:61,0
DA:70,0
DA:71,0
DA:79,0
DA:80,0
LF:11
LH:0
BRDA:54,1,0,0
BRDA:54,1,1,0
BRDA:61,2,0,0
BRDA:61,2,1,0
BRDA:70,3,0,0
BRDA:70,3,1,0
BRDA:79,4,0,0
BRDA:79,4,1,0
BRF:8
BRH:0
end_of_record
TN:
SF:/Volumes/Dev/ico/dev/contracts/Entity/PurchaseVaultMilestone.sol
FNF:0
FNH:0
LF:0
LH:0
BRF:0
BRH:0
end_of_record
TN:
SF:/Volumes/Dev/ico/dev/contracts/GatewayInterface.sol
FN:28,GatewayInterface
FN:37,getApplicationAddress
FN:47,requestCodeUpgrade
FN:85,approveCodeUpgrade
FN:100,lockCurrentApp
FN:111,link
FNF:6
FNH:3
FNDA:1,GatewayInterface
FNDA:0,getApplicationAddress
FNDA:1,requestCodeUpgrade
FNDA:0,approveCodeUpgrade
FNDA:0,lockCurrentApp
FNDA:1,link
DA:38,0
DA:48,1
DA:50,1
DA:57,1
DA:59,1
DA:60,0
DA:62,1
DA:63,1
DA:75,0
DA:86,0
DA:88,0
DA:89,0
DA:90,0
DA:92,0
DA:93,0
DA:101,0
DA:102,0
DA:113,1
DA:114,1
DA:115,1
DA:116,0
DA:118,1
DA:119,1
LF:23
LH:11
BRDA:48,1,0,1
BRDA:48,1,1,0
BRDA:57,2,0,1
BRDA:57,2,1,0
BRDA:59,3,0,0
BRDA:59,3,1,1
BRDA:86,4,0,0
BRDA:86,4,1,0
BRDA:89,5,0,0
BRDA:89,5,1,0
BRDA:101,6,0,0
BRDA:101,6,1,0
BRDA:115,7,0,0
BRDA:115,7,1,1
BRF:14
BRH:4
end_of_record
TN:
SF:/Volumes/Dev/ico/dev/contracts/Inputs/FundingDirect.sol
FN:24,FundingDirect
FN:29,
FN:41,buy
FNF:3
FNH:0
FNDA:0,FundingDirect
FNDA:0,
FNDA:0,buy
DA:25,0
DA:26,0
DA:30,0
DA:44,0
DA:46,0
DA:47,0
DA:49,0
DA:50,0
DA:53,0
LF:9
LH:0
BRDA:44,1,0,0
BRDA:44,1,1,0
BRDA:49,2,0,0
BRDA:49,2,1,0
BRF:4
BRH:0
end_of_record
TN:
SF:/Volumes/Dev/ico/dev/contracts/Inputs/FundingMilestone.sol
FN:24,FundingMilestone
FN:29,
FN:41,buy
FNF:3
FNH:0
FNDA:0,FundingMilestone
FNDA:0,
FNDA:0,buy
DA:25,0
DA:26,0
DA:30,0
DA:44,0
DA:46,0
DA:47,0
DA:49,0
DA:50,0
DA:53,0
LF:9
LH:0
BRDA:44,1,0,0
BRDA:44,1,1,0
BRDA:49,2,0,0
BRDA:49,2,1,0
BRF:4
BRH:0
end_of_record
